\BOOKMARK [1][-]{chapter*.1}{\376\377\000A\000b\000s\000t\000r\000a\000c\000t}{}% 1
\BOOKMARK [1][-]{chapter*.2}{\376\377\000A\000n\000m\000e\000r\000k\000u\000n\000g\000e\000n}{}% 2
\BOOKMARK [1][-]{chapter*.4}{\376\377\000A\000b\000b\000i\000l\000d\000u\000n\000g\000s\000v\000e\000r\000z\000e\000i\000c\000h\000n\000i\000s}{}% 3
\BOOKMARK [1][-]{chapter*.6}{\376\377\000T\000a\000b\000e\000l\000l\000e\000n\000v\000e\000r\000z\000e\000i\000c\000h\000n\000i\000s}{}% 4
\BOOKMARK [1][-]{chapter*.8}{\376\377\000S\000y\000m\000b\000o\000l\000v\000e\000r\000z\000e\000i\000c\000h\000n\000i\000s}{}% 5
\BOOKMARK [1][-]{chapter*.9}{\376\377\000A\000b\000k\000\374\000r\000z\000u\000n\000g\000s\000v\000e\000r\000z\000e\000i\000c\000h\000n\000i\000s}{}% 6
\BOOKMARK [0][-]{chapter.1}{\376\377\000E\000i\000n\000l\000e\000i\000t\000u\000n\000g}{}% 7
\BOOKMARK [1][-]{section.1.1}{\376\377\000P\000o\000t\000e\000n\000z\000i\000a\000l\000\040\000d\000e\000r\000\040\000P\000r\000e\000d\000i\000c\000t\000i\000o\000n\000\040\000M\000o\000d\000e\000l\000s\000\040\000f\000\374\000r}{chapter.1}% 8
\BOOKMARK [1][-]{section.1.2}{\376\377\000F\000r\000a\000g\000e\000s\000t\000e\000l\000l\000u\000n\000g}{chapter.1}% 9
\BOOKMARK [1][-]{section.1.3}{\376\377\000G\000l\000i\000e\000d\000e\000r\000u\000n\000g\000\040\000d\000e\000r\000\040\000A\000r\000b\000e\000i\000t}{chapter.1}% 10
\BOOKMARK [2][-]{subsection.1.3.1}{\376\377\000F\000o\000r\000e\000c\000a\000s\000t\000i\000n\000g\000\040\000d\000e\000r\000\040\000A\000n\000r\000u\000f\000q\000u\000o\000t\000e}{section.1.3}% 11
\BOOKMARK [2][-]{subsection.1.3.2}{\376\377\000C\000l\000u\000s\000t\000e\000r\000a\000n\000a\000l\000y\000s\000e\000\040\000d\000e\000r\000\040\000N\000u\000t\000z\000e\000r\000:\000i\000n\000n\000e\000n\000g\000r\000u\000p\000p\000e\000n}{section.1.3}% 12
\BOOKMARK [2][-]{subsection.1.3.3}{\376\377\000R\000a\000u\000m\000c\000l\000u\000s\000t\000e\000r\000\040\000u\000n\000d\000\040\000Z\000u\000s\000a\000m\000m\000e\000n\000h\000\344\000n\000g\000e}{section.1.3}% 13
\BOOKMARK [0][-]{chapter.2}{\376\377\000G\000r\000u\000n\000d\000l\000a\000g\000e\000n}{}% 14
\BOOKMARK [1][-]{section.2.1}{\376\377\000V\000e\000r\000w\000a\000n\000d\000t\000e\000\040\000A\000r\000b\000e\000i\000t\000e\000n\000\040\000\050\000I\000n\000f\000l\000u\000e\000n\000t\000i\000a\000l\000\040\000R\000e\000s\000e\000a\000r\000c\000h\000\051}{chapter.2}% 15
\BOOKMARK [1][-]{section.2.2}{\376\377\000E\000r\000w\000a\000r\000t\000e\000t\000e\000\040\000E\000r\000g\000e\000b\000n\000i\000s\000s\000e}{chapter.2}% 16
\BOOKMARK [0][-]{chapter.3}{\376\377\000V\000o\000r\000b\000e\000r\000e\000i\000t\000u\000n\000g\000\040\000d\000e\000r\000\040\000D\000a\000t\000e\000n}{}% 17
\BOOKMARK [1][-]{section.3.1}{\376\377\000D\000e\000r\000\040\000'\000L\000i\000g\000u\000e\000\040\0001\0008\0000\000'\000-\000D\000a\000t\000e\000n\000s\000a\000t\000z}{chapter.3}% 18
\BOOKMARK [1][-]{section.3.2}{\376\377\000D\000a\000t\000e\000n\000a\000u\000s\000w\000a\000h\000l}{chapter.3}% 19
\BOOKMARK [2][-]{subsection.3.2.1}{\376\377\000F\000e\000a\000t\000u\000r\000e\000\040\000V\000o\000r\000b\000e\000r\000e\000i\000t\000u\000n\000g}{section.3.2}% 20
\BOOKMARK [2][-]{subsection.3.2.2}{\376\377\000F\000e\000a\000t\000u\000r\000e\000\040\000A\000u\000s\000w\000a\000h\000l}{section.3.2}% 21
\BOOKMARK [1][-]{section.3.3}{\376\377\000K\000\374\000n\000s\000t\000l\000i\000c\000h\000e\000\040\000I\000n\000t\000e\000l\000l\000i\000g\000e\000n\000z}{chapter.3}% 22
\BOOKMARK [0][-]{chapter.4}{\376\377\000E\000x\000p\000l\000o\000r\000a\000t\000i\000v\000e\000\040\000D\000a\000t\000e\000n\000a\000n\000a\000l\000y\000s\000e}{}% 23
\BOOKMARK [1][-]{section.4.1}{\376\377\000D\000a\000t\000e\000n\000m\000e\000n\000g\000e}{chapter.4}% 24
\BOOKMARK [1][-]{section.4.2}{\376\377\000V\000e\000r\000s\000t\000\344\000n\000d\000n\000i\000s\000\040\000f\000\374\000r\000\040\000D\000a\000t\000e\000n}{chapter.4}% 25
\BOOKMARK [1][-]{section.4.3}{\376\377\000F\000o\000r\000e\000c\000a\000s\000t\000i\000n\000g\000\040\000d\000e\000r\000\040\000A\000n\000r\000u\000f\000q\000u\000o\000t\000e}{chapter.4}% 26
\BOOKMARK [2][-]{subsection.4.3.1}{\376\377\000D\000a\000t\000a\000\040\000C\000o\000l\000l\000e\000c\000t\000i\000o\000n\000\040\000a\000n\000d\000\040\000C\000l\000e\000a\000n\000i\000n\000g}{section.4.3}% 27
\BOOKMARK [2][-]{subsection.4.3.2}{\376\377\000D\000a\000t\000a\000\040\000A\000n\000a\000l\000y\000s\000i\000s}{section.4.3}% 28
\BOOKMARK [0][-]{chapter.5}{\376\377\000V\000e\000r\000g\000l\000e\000i\000c\000h\000\040\000d\000e\000r\000\040\000Z\000e\000i\000t\000r\000e\000i\000h\000e\000n\000v\000o\000r\000h\000e\000r\000s\000a\000g\000e\000m\000o\000d\000e\000l\000l\000e}{}% 29
\BOOKMARK [1][-]{section.5.1}{\376\377\000S\000A\000R\000I\000M\000A\000\040\000M\000o\000d\000e\000l\000l}{chapter.5}% 30
\BOOKMARK [2][-]{subsection.5.1.1}{\376\377\000A\000n\000w\000e\000n\000d\000u\000n\000g\000s\000b\000e\000r\000e\000i\000c\000h}{section.5.1}% 31
\BOOKMARK [2][-]{subsection.5.1.2}{\376\377\000B\000e\000s\000t\000a\000n\000d\000t\000e\000i\000l\000e\000\040\000d\000e\000s\000\040\000M\000o\000d\000e\000l\000l\000s}{section.5.1}% 32
\BOOKMARK [2][-]{subsection.5.1.3}{\376\377\000V\000o\000r\000a\000u\000s\000s\000e\000t\000z\000u\000n\000g\000e\000n\000\040\000d\000e\000s\000\040\000M\000o\000d\000e\000l\000l\000s}{section.5.1}% 33
\BOOKMARK [2][-]{subsection.5.1.4}{\376\377\000A\000u\000s\000w\000a\000h\000l\000\040\000d\000e\000r\000\040\000P\000a\000r\000a\000m\000e\000t\000e\000r}{section.5.1}% 34
\BOOKMARK [2][-]{subsection.5.1.5}{\376\377\000B\000e\000w\000e\000r\000t\000u\000n\000g\000\040\000u\000n\000d\000\040\000\334\000b\000e\000r\000a\000r\000b\000e\000i\000t\000u\000n\000g\000\040\000d\000e\000s\000\040\000M\000o\000d\000e\000l\000l\000s}{section.5.1}% 35
\BOOKMARK [1][-]{section.5.2}{\376\377\000H\000y\000p\000e\000r\000p\000a\000r\000a\000m\000e\000t\000e\000r\000o\000p\000t\000i\000m\000i\000z\000a\000t\000i\000o\000n}{chapter.5}% 36
\BOOKMARK [0][-]{chapter.6}{\376\377\000M\000e\000t\000h\000o\000d\000i\000k}{}% 37
\BOOKMARK [1][-]{section.6.1}{\376\377\000D\000e\000f\000i\000n\000i\000n\000g\000\040\000M\000o\000d\000e\000l\000l\000i\000n\000g\000\040\000O\000b\000j\000e\000c\000t\000i\000v\000e}{chapter.6}% 38
\BOOKMARK [1][-]{section.6.2}{\376\377\000D\000a\000t\000e\000n\000v\000o\000r\000v\000e\000r\000a\000r\000b\000e\000i\000t\000u\000n\000g}{chapter.6}% 39
\BOOKMARK [2][-]{subsection.6.2.1}{\376\377\000V\000o\000r\000v\000e\000r\000a\000r\000b\000e\000i\000t\000u\000n\000g\000s\000s\000c\000h\000r\000i\000t\000t\000e}{section.6.2}% 40
\BOOKMARK [1][-]{section.6.3}{\376\377\000A\000u\000s\000w\000e\000r\000t\000u\000n\000g\000s\000m\000e\000t\000h\000o\000d\000e\000n}{chapter.6}% 41
\BOOKMARK [0][-]{chapter.7}{\376\377\000R\000e\000s\000u\000l\000t\000s}{}% 42
\BOOKMARK [1][-]{section.7.1}{\376\377\000S\000t\000r\000u\000c\000t\000u\000r\000e\000\040\000L\000e\000a\000r\000n\000i\000n\000g}{chapter.7}% 43
\BOOKMARK [1][-]{section.7.2}{\376\377\000A\000u\000s\000w\000e\000r\000t\000u\000n\000g\000s\000k\000r\000i\000t\000e\000r\000i\000e\000n}{chapter.7}% 44
\BOOKMARK [0][-]{chapter.8}{\376\377\000D\000i\000s\000c\000u\000s\000s\000i\000o\000n}{}% 45
\BOOKMARK [1][-]{section.8.1}{\376\377\000P\000r\000e\000p\000a\000r\000a\000t\000i\000o\000n\000\040\000o\000f\000\040\000D\000a\000t\000a}{chapter.8}% 46
\BOOKMARK [1][-]{section.8.2}{\376\377\000S\000t\000r\000u\000c\000t\000u\000r\000e\000\040\000L\000e\000a\000r\000n\000i\000n\000g}{chapter.8}% 47
\BOOKMARK [1][-]{section.8.3}{\376\377\000A\000u\000s\000w\000e\000r\000t\000u\000n\000g\000s\000k\000r\000i\000t\000e\000r\000i\000e\000n}{chapter.8}% 48
\BOOKMARK [0][-]{chapter.9}{\376\377\000L\000i\000m\000i\000t\000a\000t\000i\000o\000n\000s}{}% 49
\BOOKMARK [0][-]{chapter.10}{\376\377\000C\000o\000n\000c\000l\000u\000s\000i\000o\000n}{}% 50
\BOOKMARK [1][-]{chapter*.30}{\376\377\000B\000i\000b\000l\000i\000o\000g\000r\000a\000p\000h\000y}{chapter.10}% 51
\BOOKMARK [0][-]{appendix.A}{\376\377\000A\000p\000p\000e\000n\000d\000i\000x}{}% 52
